This file contains any messages produced by compilers while
running configure, to aid debugging if configure makes a mistake.

It was created by Wizard configure 0.9, which was
generated by GNU Autoconf 2.71.  Invocation command line was

  $ ./configure

## --------- ##
## Platform. ##
## --------- ##

hostname = kali
uname -m = x86_64
uname -r = 6.1.0-kali9-amd64
uname -s = Linux
uname -v = #1 SMP PREEMPT_DYNAMIC Debian 6.1.27-1kali1 (2023-05-12)

/usr/bin/uname -p = unknown
/bin/uname -X     = unknown

/bin/arch              = x86_64
/usr/bin/arch -k       = unknown
/usr/convex/getsysinfo = unknown
/usr/bin/hostinfo      = unknown
/bin/machine           = unknown
/usr/bin/oslevel       = unknown
/bin/universe          = unknown

PATH: /usr/local/sbin/
PATH: /usr/local/bin/
PATH: /usr/sbin/
PATH: /usr/bin/
PATH: /sbin/
PATH: /bin/
PATH: /usr/local/games/
PATH: /usr/games/


## ----------- ##
## Core tests. ##
## ----------- ##

configure:2519: looking for aux files: compile missing install-sh
configure:2532:  trying ./
configure:2561:   ./compile found
configure:2561:   ./missing found
configure:2543:   ./install-sh found
configure:2694: checking for a BSD-compatible install
configure:2767: result: /usr/bin/install -c
configure:2778: checking whether build environment is sane
configure:2833: result: yes
configure:2992: checking for a race-free mkdir -p
configure:3036: result: /usr/bin/mkdir -p
configure:3043: checking for gawk
configure:3064: found /usr/bin/gawk
configure:3075: result: gawk
configure:3086: checking whether make sets $(MAKE)
configure:3109: result: yes
configure:3139: checking whether make supports nested variables
configure:3157: result: yes
configure:3364: checking for g++
configure:3385: found /usr/bin/g++
configure:3396: result: g++
configure:3423: checking for C++ compiler version
configure:3432: g++ --version >&5
g++ (Debian 12.2.0-14) 12.2.0
Copyright (C) 2022 Free Software Foundation, Inc.
This is free software; see the source for copying conditions.  There is NO
warranty; not even for MERCHANTABILITY or FITNESS FOR A PARTICULAR PURPOSE.

configure:3443: $? = 0
configure:3432: g++ -v >&5
Using built-in specs.
COLLECT_GCC=g++
COLLECT_LTO_WRAPPER=/usr/lib/gcc/x86_64-linux-gnu/12/lto-wrapper
OFFLOAD_TARGET_NAMES=nvptx-none:amdgcn-amdhsa
OFFLOAD_TARGET_DEFAULT=1
Target: x86_64-linux-gnu
Configured with: ../src/configure -v --with-pkgversion='Debian 12.2.0-14' --with-bugurl=file:///usr/share/doc/gcc-12/README.Bugs --enable-languages=c,ada,c++,go,d,fortran,objc,obj-c++,m2 --prefix=/usr --with-gcc-major-version-only --program-suffix=-12 --program-prefix=x86_64-linux-gnu- --enable-shared --enable-linker-build-id --libexecdir=/usr/lib --without-included-gettext --enable-threads=posix --libdir=/usr/lib --enable-nls --enable-clocale=gnu --enable-libstdcxx-debug --enable-libstdcxx-time=yes --with-default-libstdcxx-abi=new --enable-gnu-unique-object --disable-vtable-verify --enable-plugin --enable-default-pie --with-system-zlib --enable-libphobos-checking=release --with-target-system-zlib=auto --enable-objc-gc=auto --enable-multiarch --disable-werror --enable-cet --with-arch-32=i686 --with-abi=m64 --with-multilib-list=m32,m64,mx32 --enable-multilib --with-tune=generic --enable-offload-targets=nvptx-none=/build/gcc-12-bTRWOB/gcc-12-12.2.0/debian/tmp-nvptx/usr,amdgcn-amdhsa=/build/gcc-12-bTRWOB/gcc-12-12.2.0/debian/tmp-gcn/usr --enable-offload-defaulted --without-cuda-driver --enable-checking=release --build=x86_64-linux-gnu --host=x86_64-linux-gnu --target=x86_64-linux-gnu
Thread model: posix
Supported LTO compression algorithms: zlib zstd
gcc version 12.2.0 (Debian 12.2.0-14) 
... rest of stderr output deleted ...
configure:3443: $? = 0
configure:3432: g++ -V >&5
g++: error: unrecognized command-line option '-V'
g++: fatal error: no input files
compilation terminated.
configure:3443: $? = 1
configure:3432: g++ -qversion >&5
g++: error: unrecognized command-line option '-qversion'; did you mean '--version'?
g++: fatal error: no input files
compilation terminated.
configure:3443: $? = 1
configure:3463: checking whether the C++ compiler works
configure:3485: g++    conftest.cpp  >&5
configure:3489: $? = 0
configure:3539: result: yes
configure:3542: checking for C++ compiler default output file name
configure:3544: result: a.out
configure:3550: checking for suffix of executables
configure:3557: g++ -o conftest    conftest.cpp  >&5
configure:3561: $? = 0
configure:3584: result: 
configure:3606: checking whether we are cross compiling
configure:3614: g++ -o conftest    conftest.cpp  >&5
configure:3618: $? = 0
configure:3625: ./conftest
configure:3629: $? = 0
configure:3644: result: no
configure:3649: checking for suffix of object files
configure:3672: g++ -c   conftest.cpp >&5
configure:3676: $? = 0
configure:3698: result: o
configure:3702: checking whether the compiler supports GNU C++
configure:3722: g++ -c   conftest.cpp >&5
configure:3722: $? = 0
configure:3732: result: yes
configure:3743: checking whether g++ accepts -g
configure:3764: g++ -c -g  conftest.cpp >&5
configure:3764: $? = 0
configure:3808: result: yes
configure:3828: checking for g++ option to enable C++11 features
configure:3843: g++  -c -g -O2  conftest.cpp >&5
conftest.cpp: In function 'int main(int, char**)':
conftest.cpp:177:25: warning: empty parentheses were disambiguated as a function declaration [-Wvexing-parse]
  177 |   cxx11test::delegate d2();
      |                         ^~
conftest.cpp:177:25: note: remove parentheses to default-initialize a variable
  177 |   cxx11test::delegate d2();
      |                         ^~
      |                         --
conftest.cpp:177:25: note: or replace parentheses with braces to value-initialize a variable
configure:3843: $? = 0
configure:3861: result: none needed
configure:3928: checking whether make supports the include directive
configure:3943: make -f confmf.GNU && cat confinc.out
this is the am__doit target
configure:3946: $? = 0
configure:3965: result: yes (GNU style)
configure:3991: checking dependency style of g++
configure:4103: result: gcc3
configure:4178: checking for pkg-config
configure:4201: found /usr/bin/pkg-config
configure:4213: result: /usr/bin/pkg-config
configure:4238: checking pkg-config is at least version 0.9.0
configure:4241: result: yes
configure:4251: checking for ginac >= 1.8.6
configure:4258: $PKG_CONFIG --exists --print-errors "ginac >= 1.8.6"
configure:4261: $? = 0
configure:4275: $PKG_CONFIG --exists --print-errors "ginac >= 1.8.6"
configure:4278: $? = 0
configure:4336: result: yes
configure:4342: checking for cln >= 1.3.6
configure:4349: $PKG_CONFIG --exists --print-errors "cln >= 1.3.6"
configure:4352: $? = 0
configure:4366: $PKG_CONFIG --exists --print-errors "cln >= 1.3.6"
configure:4369: $? = 0
configure:4427: result: yes
configure:4497: checking for gcc
configure:4518: found /usr/bin/gcc
configure:4529: result: gcc
configure:4882: checking for C compiler version
configure:4891: gcc --version >&5
gcc (Debian 12.2.0-14) 12.2.0
Copyright (C) 2022 Free Software Foundation, Inc.
This is free software; see the source for copying conditions.  There is NO
warranty; not even for MERCHANTABILITY or FITNESS FOR A PARTICULAR PURPOSE.

configure:4902: $? = 0
configure:4891: gcc -v >&5
Using built-in specs.
COLLECT_GCC=gcc
COLLECT_LTO_WRAPPER=/usr/lib/gcc/x86_64-linux-gnu/12/lto-wrapper
OFFLOAD_TARGET_NAMES=nvptx-none:amdgcn-amdhsa
OFFLOAD_TARGET_DEFAULT=1
Target: x86_64-linux-gnu
Configured with: ../src/configure -v --with-pkgversion='Debian 12.2.0-14' --with-bugurl=file:///usr/share/doc/gcc-12/README.Bugs --enable-languages=c,ada,c++,go,d,fortran,objc,obj-c++,m2 --prefix=/usr --with-gcc-major-version-only --program-suffix=-12 --program-prefix=x86_64-linux-gnu- --enable-shared --enable-linker-build-id --libexecdir=/usr/lib --without-included-gettext --enable-threads=posix --libdir=/usr/lib --enable-nls --enable-clocale=gnu --enable-libstdcxx-debug --enable-libstdcxx-time=yes --with-default-libstdcxx-abi=new --enable-gnu-unique-object --disable-vtable-verify --enable-plugin --enable-default-pie --with-system-zlib --enable-libphobos-checking=release --with-target-system-zlib=auto --enable-objc-gc=auto --enable-multiarch --disable-werror --enable-cet --with-arch-32=i686 --with-abi=m64 --with-multilib-list=m32,m64,mx32 --enable-multilib --with-tune=generic --enable-offload-targets=nvptx-none=/build/gcc-12-bTRWOB/gcc-12-12.2.0/debian/tmp-nvptx/usr,amdgcn-amdhsa=/build/gcc-12-bTRWOB/gcc-12-12.2.0/debian/tmp-gcn/usr --enable-offload-defaulted --without-cuda-driver --enable-checking=release --build=x86_64-linux-gnu --host=x86_64-linux-gnu --target=x86_64-linux-gnu
Thread model: posix
Supported LTO compression algorithms: zlib zstd
gcc version 12.2.0 (Debian 12.2.0-14) 
... rest of stderr output deleted ...
configure:4902: $? = 0
configure:4891: gcc -V >&5
gcc: error: unrecognized command-line option '-V'
gcc: fatal error: no input files
compilation terminated.
configure:4902: $? = 1
configure:4891: gcc -qversion >&5
gcc: error: unrecognized command-line option '-qversion'; did you mean '--version'?
gcc: fatal error: no input files
compilation terminated.
configure:4902: $? = 1
configure:4891: gcc -version >&5
gcc: error: unrecognized command-line option '-version'
gcc: fatal error: no input files
compilation terminated.
configure:4902: $? = 1
configure:4906: checking whether the compiler supports GNU C
configure:4926: gcc -c   conftest.c >&5
configure:4926: $? = 0
configure:4936: result: yes
configure:4947: checking whether gcc accepts -g
configure:4968: gcc -c -g  conftest.c >&5
configure:4968: $? = 0
configure:5012: result: yes
configure:5032: checking for gcc option to enable C11 features
configure:5047: gcc  -c -g -O2  conftest.c >&5
configure:5047: $? = 0
configure:5065: result: none needed
configure:5181: checking whether gcc understands -c and -o together
configure:5204: gcc -c conftest.c -o conftest2.o
configure:5207: $? = 0
configure:5204: gcc -c conftest.c -o conftest2.o
configure:5207: $? = 0
configure:5219: result: yes
configure:5238: checking dependency style of gcc
configure:5350: result: gcc3
configure:5370: checking for stdio.h
configure:5370: gcc -c -g -O2  conftest.c >&5
configure:5370: $? = 0
configure:5370: result: yes
configure:5370: checking for stdlib.h
configure:5370: gcc -c -g -O2  conftest.c >&5
configure:5370: $? = 0
configure:5370: result: yes
configure:5370: checking for string.h
configure:5370: gcc -c -g -O2  conftest.c >&5
configure:5370: $? = 0
configure:5370: result: yes
configure:5370: checking for inttypes.h
configure:5370: gcc -c -g -O2  conftest.c >&5
configure:5370: $? = 0
configure:5370: result: yes
configure:5370: checking for stdint.h
configure:5370: gcc -c -g -O2  conftest.c >&5
configure:5370: $? = 0
configure:5370: result: yes
configure:5370: checking for strings.h
configure:5370: gcc -c -g -O2  conftest.c >&5
configure:5370: $? = 0
configure:5370: result: yes
configure:5370: checking for sys/stat.h
configure:5370: gcc -c -g -O2  conftest.c >&5
configure:5370: $? = 0
configure:5370: result: yes
configure:5370: checking for sys/types.h
configure:5370: gcc -c -g -O2  conftest.c >&5
configure:5370: $? = 0
configure:5370: result: yes
configure:5370: checking for unistd.h
configure:5370: gcc -c -g -O2  conftest.c >&5
configure:5370: $? = 0
configure:5370: result: yes
configure:5395: checking for unistd.h
configure:5395: result: yes
configure:5404: checking for _Bool
configure:5404: gcc -c -g -O2  conftest.c >&5
configure:5404: $? = 0
configure:5404: gcc -c -g -O2  conftest.c >&5
conftest.c: In function 'main':
conftest.c:53:20: error: expected expression before ')' token
   53 | if (sizeof ((_Bool)))
      |                    ^
configure:5404: $? = 1
configure: failed program was:
| /* confdefs.h */
| #define PACKAGE_NAME "Wizard"
| #define PACKAGE_TARNAME "wizard"
| #define PACKAGE_VERSION "0.9"
| #define PACKAGE_STRING "Wizard 0.9"
| #define PACKAGE_BUGREPORT "erickfarestveit@gmail.com"
| #define PACKAGE_URL ""
| #define PACKAGE "wizard"
| #define VERSION "0.9"
| #define HAVE_STDIO_H 1
| #define HAVE_STDLIB_H 1
| #define HAVE_STRING_H 1
| #define HAVE_INTTYPES_H 1
| #define HAVE_STDINT_H 1
| #define HAVE_STRINGS_H 1
| #define HAVE_SYS_STAT_H 1
| #define HAVE_SYS_TYPES_H 1
| #define HAVE_UNISTD_H 1
| #define STDC_HEADERS 1
| #define HAVE_UNISTD_H 1
| /* end confdefs.h.  */
| #include <stddef.h>
| #ifdef HAVE_STDIO_H
| # include <stdio.h>
| #endif
| #ifdef HAVE_STDLIB_H
| # include <stdlib.h>
| #endif
| #ifdef HAVE_STRING_H
| # include <string.h>
| #endif
| #ifdef HAVE_INTTYPES_H
| # include <inttypes.h>
| #endif
| #ifdef HAVE_STDINT_H
| # include <stdint.h>
| #endif
| #ifdef HAVE_STRINGS_H
| # include <strings.h>
| #endif
| #ifdef HAVE_SYS_TYPES_H
| # include <sys/types.h>
| #endif
| #ifdef HAVE_SYS_STAT_H
| # include <sys/stat.h>
| #endif
| #ifdef HAVE_UNISTD_H
| # include <unistd.h>
| #endif
| int
| main (void)
| {
| if (sizeof ((_Bool)))
| 	    return 0;
|   ;
|   return 0;
| }
configure:5404: result: yes
configure:5413: checking for stdbool.h that conforms to C99
configure:5529: gcc -c -g -O2  conftest.c >&5
configure:5529: $? = 0
configure:5537: result: yes
configure:5646: checking that generated files are newer than configure
configure:5652: result: done
configure:5679: creating ./config.status

## ---------------------- ##
## Running config.status. ##
## ---------------------- ##

This file was extended by Wizard config.status 0.9, which was
generated by GNU Autoconf 2.71.  Invocation command line was

  CONFIG_FILES    = 
  CONFIG_HEADERS  = 
  CONFIG_LINKS    = 
  CONFIG_COMMANDS = 
  $ ./config.status 

on kali

config.status:861: creating Makefile
config.status:861: creating config.h
config.status:1042: config.h is unchanged
config.status:1090: executing depfiles commands
config.status:1167: cd .       && sed -e '/# am--include-marker/d' Makefile         | make -f - am--depfiles
make: Nothing to be done for 'am--depfiles'.
config.status:1172: $? = 0

## ---------------- ##
## Cache variables. ##
## ---------------- ##

ac_cv_c_compiler_gnu=yes
ac_cv_cxx_compiler_gnu=yes
ac_cv_env_CCC_set=
ac_cv_env_CCC_value=
ac_cv_env_CC_set=
ac_cv_env_CC_value=
ac_cv_env_CFLAGS_set=
ac_cv_env_CFLAGS_value=
ac_cv_env_CLN_CFLAGS_set=
ac_cv_env_CLN_CFLAGS_value=
ac_cv_env_CLN_LIBS_set=
ac_cv_env_CLN_LIBS_value=
ac_cv_env_CPPFLAGS_set=
ac_cv_env_CPPFLAGS_value=
ac_cv_env_CXXFLAGS_set=
ac_cv_env_CXXFLAGS_value=
ac_cv_env_CXX_set=
ac_cv_env_CXX_value=
ac_cv_env_GINAC_CFLAGS_set=
ac_cv_env_GINAC_CFLAGS_value=
ac_cv_env_GINAC_LIBS_set=
ac_cv_env_GINAC_LIBS_value=
ac_cv_env_LDFLAGS_set=
ac_cv_env_LDFLAGS_value=
ac_cv_env_LIBS_set=
ac_cv_env_LIBS_value=
ac_cv_env_PKG_CONFIG_LIBDIR_set=
ac_cv_env_PKG_CONFIG_LIBDIR_value=
ac_cv_env_PKG_CONFIG_PATH_set=
ac_cv_env_PKG_CONFIG_PATH_value=
ac_cv_env_PKG_CONFIG_set=
ac_cv_env_PKG_CONFIG_value=
ac_cv_env_build_alias_set=
ac_cv_env_build_alias_value=
ac_cv_env_host_alias_set=
ac_cv_env_host_alias_value=
ac_cv_env_target_alias_set=
ac_cv_env_target_alias_value=
ac_cv_header_inttypes_h=yes
ac_cv_header_stdbool_h=yes
ac_cv_header_stdint_h=yes
ac_cv_header_stdio_h=yes
ac_cv_header_stdlib_h=yes
ac_cv_header_string_h=yes
ac_cv_header_strings_h=yes
ac_cv_header_sys_stat_h=yes
ac_cv_header_sys_types_h=yes
ac_cv_header_unistd_h=yes
ac_cv_objext=o
ac_cv_path_ac_pt_PKG_CONFIG=/usr/bin/pkg-config
ac_cv_path_install='/usr/bin/install -c'
ac_cv_path_mkdir=/usr/bin/mkdir
ac_cv_prog_AWK=gawk
ac_cv_prog_ac_ct_CC=gcc
ac_cv_prog_ac_ct_CXX=g++
ac_cv_prog_cc_c11=
ac_cv_prog_cc_g=yes
ac_cv_prog_cc_stdc=
ac_cv_prog_cxx_cxx11=
ac_cv_prog_cxx_g=yes
ac_cv_prog_cxx_stdcxx=
ac_cv_prog_make_make_set=yes
ac_cv_type__Bool=yes
am_cv_CC_dependencies_compiler_type=gcc3
am_cv_CXX_dependencies_compiler_type=gcc3
am_cv_make_support_nested_variables=yes
am_cv_prog_cc_c_o=yes
pkg_cv_CLN_CFLAGS='-I/usr/local/include '
pkg_cv_CLN_LIBS='-L/usr/local/lib -lcln '
pkg_cv_GINAC_CFLAGS='-I/usr/local/include '
pkg_cv_GINAC_LIBS='-L/usr/local/lib -lginac -Wl,-rpath -Wl,/usr/local/lib -lcln '

## ----------------- ##
## Output variables. ##
## ----------------- ##

ACLOCAL='${SHELL} '\''/home/kali/Desktop/Wizard/missing'\'' aclocal-1.16'
AMDEPBACKSLASH='\'
AMDEP_FALSE='#'
AMDEP_TRUE=''
AMTAR='$${TAR-tar}'
AM_BACKSLASH='\'
AM_DEFAULT_V='$(AM_DEFAULT_VERBOSITY)'
AM_DEFAULT_VERBOSITY='1'
AM_V='$(V)'
AUTOCONF='${SHELL} '\''/home/kali/Desktop/Wizard/missing'\'' autoconf'
AUTOHEADER='${SHELL} '\''/home/kali/Desktop/Wizard/missing'\'' autoheader'
AUTOMAKE='${SHELL} '\''/home/kali/Desktop/Wizard/missing'\'' automake-1.16'
AWK='gawk'
CC='gcc'
CCDEPMODE='depmode=gcc3'
CFLAGS='-g -O2'
CLN_CFLAGS='-I/usr/local/include '
CLN_LIBS='-L/usr/local/lib -lcln '
CPPFLAGS=''
CSCOPE='cscope'
CTAGS='ctags'
CXX='g++'
CXXDEPMODE='depmode=gcc3'
CXXFLAGS='-g -O2'
CYGPATH_W='echo'
DEFS='-DHAVE_CONFIG_H'
DEPDIR='.deps'
ECHO_C=''
ECHO_N='-n'
ECHO_T=''
ETAGS='etags'
EXEEXT=''
GINAC_CFLAGS='-I/usr/local/include '
GINAC_LIBS='-L/usr/local/lib -lginac -Wl,-rpath -Wl,/usr/local/lib -lcln '
INSTALL_DATA='${INSTALL} -m 644'
INSTALL_PROGRAM='${INSTALL}'
INSTALL_SCRIPT='${INSTALL}'
INSTALL_STRIP_PROGRAM='$(install_sh) -c -s'
LDFLAGS=''
LIBOBJS=''
LIBS=''
LTLIBOBJS=''
MAKEINFO='${SHELL} '\''/home/kali/Desktop/Wizard/missing'\'' makeinfo'
MKDIR_P='/usr/bin/mkdir -p'
OBJEXT='o'
PACKAGE='wizard'
PACKAGE_BUGREPORT='erickfarestveit@gmail.com'
PACKAGE_NAME='Wizard'
PACKAGE_STRING='Wizard 0.9'
PACKAGE_TARNAME='wizard'
PACKAGE_URL=''
PACKAGE_VERSION='0.9'
PATH_SEPARATOR=':'
PKG_CONFIG='/usr/bin/pkg-config'
PKG_CONFIG_LIBDIR=''
PKG_CONFIG_PATH=''
SET_MAKE=''
SHELL='/bin/bash'
STRIP=''
VERSION='0.9'
ac_ct_CC='gcc'
ac_ct_CXX='g++'
am__EXEEXT_FALSE=''
am__EXEEXT_TRUE='#'
am__fastdepCC_FALSE='#'
am__fastdepCC_TRUE=''
am__fastdepCXX_FALSE='#'
am__fastdepCXX_TRUE=''
am__include='include'
am__isrc=''
am__leading_dot='.'
am__nodep='_no'
am__quote=''
am__tar='$${TAR-tar} chof - "$$tardir"'
am__untar='$${TAR-tar} xf -'
bindir='${exec_prefix}/bin'
build_alias=''
datadir='${datarootdir}'
datarootdir='${prefix}/share'
docdir='${datarootdir}/doc/${PACKAGE_TARNAME}'
dvidir='${docdir}'
exec_prefix='${prefix}'
host_alias=''
htmldir='${docdir}'
includedir='${prefix}/include'
infodir='${datarootdir}/info'
install_sh='${SHELL} /home/kali/Desktop/Wizard/install-sh'
libdir='${exec_prefix}/lib'
libexecdir='${exec_prefix}/libexec'
localedir='${datarootdir}/locale'
localstatedir='${prefix}/var'
mandir='${datarootdir}/man'
mkdir_p='$(MKDIR_P)'
oldincludedir='/usr/include'
pdfdir='${docdir}'
prefix='/usr/local'
program_transform_name='s,x,x,'
psdir='${docdir}'
runstatedir='${localstatedir}/run'
sbindir='${exec_prefix}/sbin'
sharedstatedir='${prefix}/com'
sysconfdir='${prefix}/etc'
target_alias=''

## ----------- ##
## confdefs.h. ##
## ----------- ##

/* confdefs.h */
#define PACKAGE_NAME "Wizard"
#define PACKAGE_TARNAME "wizard"
#define PACKAGE_VERSION "0.9"
#define PACKAGE_STRING "Wizard 0.9"
#define PACKAGE_BUGREPORT "erickfarestveit@gmail.com"
#define PACKAGE_URL ""
#define PACKAGE "wizard"
#define VERSION "0.9"
#define HAVE_STDIO_H 1
#define HAVE_STDLIB_H 1
#define HAVE_STRING_H 1
#define HAVE_INTTYPES_H 1
#define HAVE_STDINT_H 1
#define HAVE_STRINGS_H 1
#define HAVE_SYS_STAT_H 1
#define HAVE_SYS_TYPES_H 1
#define HAVE_UNISTD_H 1
#define STDC_HEADERS 1
#define HAVE_UNISTD_H 1
#define HAVE__BOOL 1

configure: exit 0
